2023-06-23 16:42:23,013 - selenium.webdriver.common.selenium_manager - INFO - Applicable driver not found; attempting to install with Selenium Manager (Beta)
2023-06-23 16:42:30,611 - root - INFO - ********* Login with valid credentials Test Passed *********
2023-06-23 16:43:14,095 - selenium.webdriver.common.selenium_manager - INFO - Applicable driver not found; attempting to install with Selenium Manager (Beta)
2023-06-23 16:43:24,774 - root - INFO - ********* Login with valid credentials Test Passed *********
2023-06-23 16:44:48,755 - selenium.webdriver.common.selenium_manager - INFO - Applicable driver not found; attempting to install with Selenium Manager (Beta)
2023-06-23 16:44:59,338 - root - INFO - ********* Login with valid credentials Test Passed *********
2023-06-26 08:29:10,440 - selenium.webdriver.common.selenium_manager - INFO - Applicable driver not found; attempting to install with Selenium Manager (Beta)
2023-06-26 08:30:45,284 - selenium.webdriver.common.selenium_manager - INFO - Applicable driver not found; attempting to install with Selenium Manager (Beta)
2023-06-26 08:31:01,666 - root - ERROR - ********* Login with valid credentials Test Failed ************
2023-06-26 08:36:53,835 - selenium.webdriver.common.selenium_manager - INFO - Applicable driver not found; attempting to install with Selenium Manager (Beta)
2023-06-26 08:37:10,254 - root - ERROR - ********* Logout Test Failed ************
2023-06-26 08:38:08,925 - selenium.webdriver.common.selenium_manager - INFO - Applicable driver not found; attempting to install with Selenium Manager (Beta)
2023-06-26 08:38:53,238 - selenium.webdriver.common.selenium_manager - INFO - Applicable driver not found; attempting to install with Selenium Manager (Beta)
2023-06-26 08:39:11,022 - root - ERROR - ********* Logout Test Failed ************
2023-06-26 08:41:15,809 - selenium.webdriver.common.selenium_manager - INFO - Applicable driver not found; attempting to install with Selenium Manager (Beta)
2023-06-26 08:41:33,653 - root - ERROR - ********* Logout Test Failed ************
2023-06-26 09:04:12,062 - selenium.webdriver.common.selenium_manager - INFO - Applicable driver not found; attempting to install with Selenium Manager (Beta)
2023-06-26 09:10:47,472 - selenium.webdriver.common.selenium_manager - INFO - Applicable driver not found; attempting to install with Selenium Manager (Beta)
2023-06-26 09:23:58,358 - root - INFO - ********* Logout Test Passed *********
2023-06-26 10:04:04,218 - root - INFO - ********* Add Recipies - Test Passed *********
2023-06-26 10:04:35,815 - root - INFO - ********* Delete Recipies - Test Passed *********
2023-06-26 10:38:31,439 - root - ERROR - ********* Edit Recipies - Test Failed ************
2023-06-26 10:39:22,659 - root - INFO - ********* Edit Recipies - Test Passed *********
2023-06-26 10:45:10,551 - root - INFO - ********* Edit Recipies - Test Passed *********
2023-06-26 11:24:50,382 - root - ERROR - ********* Add Recipes - Test Failed ************
2023-06-26 11:24:50,382 - root - ERROR - ********* Add Recipes - Test Failed ************
2023-06-26 11:24:50,382 - root - ERROR - ********* Add Recipes - Test Failed ************
2023-06-26 11:24:50,382 - root - ERROR - ********* Add Recipes - Test Failed ************
2023-06-26 11:24:50,382 - root - ERROR - ********* Add Recipes - Test Failed ************
2023-06-26 11:25:14,845 - root - INFO - ********* Delete Recipes - Test Passed *********
2023-06-26 11:25:14,845 - root - INFO - ********* Delete Recipes - Test Passed *********
2023-06-26 11:25:14,845 - root - INFO - ********* Delete Recipes - Test Passed *********
2023-06-26 11:25:14,845 - root - INFO - ********* Delete Recipes - Test Passed *********
2023-06-26 11:25:14,845 - root - INFO - ********* Delete Recipes - Test Passed *********
2023-06-26 11:37:01,582 - root - INFO - ********* Add Recipes - Test Passed *********
2023-06-26 11:37:01,582 - root - INFO - ********* Add Recipes - Test Passed *********
2023-06-26 11:37:01,582 - root - INFO - ********* Add Recipes - Test Passed *********
2023-06-26 11:37:01,582 - root - INFO - ********* Add Recipes - Test Passed *********
2023-06-26 11:37:01,582 - root - INFO - ********* Add Recipes - Test Passed *********
2023-06-26 11:37:26,440 - root - INFO - ********* Delete Recipes - Test Passed *********
2023-06-26 11:37:26,440 - root - INFO - ********* Delete Recipes - Test Passed *********
2023-06-26 11:37:26,440 - root - INFO - ********* Delete Recipes - Test Passed *********
2023-06-26 11:37:26,440 - root - INFO - ********* Delete Recipes - Test Passed *********
2023-06-26 11:37:26,440 - root - INFO - ********* Delete Recipes - Test Passed *********
2023-06-26 11:38:00,050 - root - INFO - ********* Edit Recipes - Test Passed *********
2023-06-26 11:38:00,050 - root - INFO - ********* Edit Recipes - Test Passed *********
2023-06-26 11:38:00,050 - root - INFO - ********* Edit Recipes - Test Passed *********
2023-06-26 11:38:00,050 - root - INFO - ********* Edit Recipes - Test Passed *********
2023-06-26 11:38:00,050 - root - INFO - ********* Edit Recipes - Test Passed *********
2023-06-26 13:21:35,971 - root - ERROR - ********* Login with valid credentials Test Failed ************
2023-06-26 13:31:01,559 - root - ERROR - ********* Login with invalid credentials Test Failed ************
2023-06-26 13:38:07,857 - root - INFO - ********* Login with invalid credentials Test Passed *********
2023-06-26 13:38:07,857 - root - INFO - ********* Login with invalid credentials Test Passed *********
2023-06-26 13:38:07,857 - root - INFO - ********* Login with invalid credentials Test Passed *********
2023-06-26 13:38:07,857 - root - INFO - ********* Login with invalid credentials Test Passed *********
2023-06-26 13:38:20,566 - root - INFO - ********* Login with invalid credentials Test Passed *********
2023-06-26 13:38:20,566 - root - INFO - ********* Login with invalid credentials Test Passed *********
2023-06-26 13:38:20,566 - root - INFO - ********* Login with invalid credentials Test Passed *********
2023-06-26 13:38:20,566 - root - INFO - ********* Login with invalid credentials Test Passed *********
2023-06-26 13:38:33,612 - root - INFO - ********* Login with invalid credentials Test Passed *********
2023-06-26 13:38:33,612 - root - INFO - ********* Login with invalid credentials Test Passed *********
2023-06-26 13:38:33,612 - root - INFO - ********* Login with invalid credentials Test Passed *********
2023-06-26 13:38:33,612 - root - INFO - ********* Login with invalid credentials Test Passed *********
2023-06-26 13:38:46,581 - root - INFO - ********* Login with invalid credentials Test Passed *********
2023-06-26 13:38:46,581 - root - INFO - ********* Login with invalid credentials Test Passed *********
2023-06-26 13:38:46,581 - root - INFO - ********* Login with invalid credentials Test Passed *********
2023-06-26 13:38:46,581 - root - INFO - ********* Login with invalid credentials Test Passed *********
2023-06-26 13:47:01,893 - root - INFO - ********* Add Recipes - Test Passed *********
2023-06-26 13:48:51,529 - root - INFO - ********* Add Recipes - Test Passed *********
2023-06-26 13:50:35,096 - root - INFO - ********* Add Recipes - Test Passed *********
2023-06-26 13:52:37,081 - root - INFO - ********* Add Recipes - Test Passed *********
2023-06-26 14:25:06,847 - root - INFO - ********* Add Recipes - Test Passed *********
2023-06-26 14:28:24,503 - root - INFO - ********* Add Recipes - Test Passed *********
2023-06-26 14:29:49,075 - root - INFO - ********* Add Recipes - Test Passed *********
2023-06-26 16:21:29,052 - root - ERROR - ********* Delete Eye Donation Test Failed ************
2023-06-26 16:22:09,565 - root - INFO - ********* Delete Eye Donation Test Passed *********
2023-06-27 11:14:51,253 - root - INFO - ********* Add User Role - Without Enter Any Field Test Passed *********
2023-06-27 11:22:16,803 - root - ERROR - ********* Add User Role - Only Add User Role Test Failed ************
2023-06-27 11:22:55,200 - root - ERROR - ********* Add User Role - Only Add User Role Test Failed ************
2023-06-27 11:35:30,896 - root - INFO - ********* Add User Role - Without Enter Any Field Test Passed *********
2023-06-27 11:35:30,896 - root - INFO - ********* Add User Role - Without Enter Any Field Test Passed *********
2023-06-27 11:41:44,104 - root - ERROR - ********* Add User Role - Only Add User Role Test Failed ************
2023-06-27 12:07:14,537 - root - INFO - ********* Add User Role - OnlyAddPermissions Test Passed *********
2023-06-27 12:09:54,138 - root - INFO - ********* Add User Role - Existing User Role Test Passed *********
2023-06-27 12:53:26,709 - root - INFO - ********* Add User Role - Only Add User Role Test Passed *********
2023-06-27 13:16:25,998 - root - INFO - ********* Edit User Role Test Passed *********
2023-06-27 14:42:18,951 - root - INFO - ********* Add Member Test Passed *********
2023-06-27 14:55:05,171 - root - INFO - ********* Add Member - Without Fill Any Field Test Passed *********
2023-06-27 14:58:11,701 - root - INFO - ********* Add Member - Only Add Email Test Passed *********
2023-06-27 15:03:27,139 - root - INFO - ********* Add Member - Invalid Only Add Username Test Passed *********
2023-06-27 15:12:49,410 - root - INFO - ********* Add Member - Invalid Only Add Password Test Passed *********
2023-06-27 15:21:21,280 - root - INFO - ********* Add Member - Invalid - Only Add First Name Test Passed *********
2023-06-27 15:26:29,280 - root - INFO - ********* Add Member - Invalid - Only Add Last Name Test Passed *********
2023-06-27 15:29:16,671 - root - INFO - ********* Add Member - Invalid - Only Select Role Test Passed *********
2023-06-27 15:36:34,265 - root - INFO - ********* Add Member - Invalid - Only Select Active Status Test Passed *********
2023-06-27 15:39:20,390 - root - INFO - ********* Add Member - Invalid - Only Select Active Status Test Passed *********
2023-06-27 15:40:37,244 - root - INFO - ********* Add Member - Invalid - Only Select Active Status Test Passed *********
2023-06-27 16:07:45,029 - root - INFO - ********* Add Member - Invalid - Only Add Username And Password Test Passed *********
2023-06-27 16:11:30,764 - root - INFO - ********* Add Member - Invalid_Only Add Email,FirstName, and LastName Test Passed *********
2023-06-27 16:16:50,388 - root - INFO - ********* Add Member - Invalid Without SelectRole And ActiveStatus Test Passed *********
